<?xml version="1.0" encoding="UTF-8"?>
<!-- Generated by org.testng.reporters.JUnitReportReporter -->
<testsuite hostname="Rinku" failures="0" tests="2" name="practice.mavenproj.basic1Test" time="0.014" errors="0" timestamp="2022-04-25T14:18:13 IST" skipped="0">
  <testcase classname="practice.mavenproj.basic1Test" name="b2" time="0.000"/>
  <system-out/>
  <testcase classname="practice.mavenproj.basic1Test" name="b1" time="0.014"/>
  <system-out/>
</testsuite> <!-- practice.mavenproj.basic1Test -->
