<?xml version="1.0" encoding="UTF-8"?>
<!-- Generated by org.testng.reporters.JUnitReportReporter -->
<testsuite hostname="Rinku" failures="0" tests="2" name="practice.mavenproj.basicTest" time="0.001" errors="0" timestamp="2022-04-25T14:18:13 IST" skipped="0">
  <testcase classname="practice.mavenproj.basicTest" name="b32" time="0.000"/>
  <system-out/>
  <testcase classname="practice.mavenproj.basicTest" name="b31" time="0.001"/>
  <system-out/>
</testsuite> <!-- practice.mavenproj.basicTest -->
