<?xml version="1.0" encoding="UTF-8"?>
<!-- Generated by org.testng.reporters.JUnitReportReporter -->
<testsuite hostname="Rinku" failures="0" tests="2" name="practice.mavenproj.basic2Test" time="0.001" errors="0" timestamp="2022-04-25T14:18:13 IST" skipped="0">
  <testcase classname="practice.mavenproj.basic2Test" name="b22" time="0.001"/>
  <system-out/>
  <testcase classname="practice.mavenproj.basic2Test" name="b21" time="0.000"/>
  <system-out/>
</testsuite> <!-- practice.mavenproj.basic2Test -->
