<?xml version="1.0" encoding="UTF-8"?>
<!-- Generated by org.testng.reporters.JUnitReportReporter -->
<testsuite hostname="Rinku" failures="0" tests="1" name="practice.mavenproj.basicTest" time="0.027" errors="0" timestamp="2022-04-25T14:14:47 IST" skipped="0">
  <testcase classname="practice.mavenproj.basicTest" name="b32" time="0.027"/>
  <system-out/>
</testsuite> <!-- practice.mavenproj.basicTest -->
